This file contains any messages produced by compilers while
running configure, to aid debugging if configure makes a mistake.

configure:539: checking if building in the top-level directory
configure:573: checking for a BSD compatible install
configure:629: checking host system type
configure:693: checking if --enable-debug option specified
configure:715: checking for cc
configure:743: checking for gcc
configure:771: checking for gcc
configure:848: checking whether the C compiler (gcc -O ) works
configure:862: gcc -o conftest -O   conftest.c  1>&5
configure:859:1: warning: return type defaults to 'int' [-Wimplicit-int]
 main(){return(0);}
 ^~~~
configure:882: checking whether the C compiler (gcc -O ) is a cross-compiler
configure:887: checking whether we are using GNU C
configure:911: checking whether gcc accepts -g
configure:940: checking if --enable-diagnostic option specified
configure:958: checking if --enable-cxx option specified
configure:1112: checking if --enable-compat185 option specified
configure:1128: checking if --enable-dump185 option specified
configure:1145: checking for ar
configure:1180: checking for chmod
configure:1215: checking for cp
configure:1250: checking for mkdir
configure:1285: checking for ranlib
configure:1317: checking for rm
configure:1352: checking for sh
configure:1387: checking for strip
configure:1421: checking how to run the C preprocessor
configure:1482: checking for ANSI C header files
configure:1495: gcc -E  conftest.c >/dev/null 2>conftest.out
configure:1562: gcc -o conftest -O   conftest.c  1>&5
configure: In function 'main':
configure:1557:67: warning: implicit declaration of function 'exit' [-Wimplicit-function-declaration]
 if (XOR (islower (i), ISLOWER (i)) || toupper (i) != TOUPPER (i)) exit(2);
                                                                   ^~~~
configure:1557:67: warning: incompatible implicit declaration of built-in function 'exit'
configure:1557:67: note: include '<stdlib.h>' or provide a declaration of 'exit'
configure:1553:1:
+#include <stdlib.h>
 #define ISLOWER(c) ('a' <= (c) && (c) <= 'z')
configure:1557:67:
 if (XOR (islower (i), ISLOWER (i)) || toupper (i) != TOUPPER (i)) exit(2);
                                                                   ^~~~
configure:1558:1: warning: incompatible implicit declaration of built-in function 'exit'
 exit (0); }
 ^~~~
configure:1558:1: note: include '<stdlib.h>' or provide a declaration of 'exit'
configure:1586: checking for ssize_t
configure:1619: checking whether byte ordering is bigendian
configure:1637: gcc -c -O  conftest.c 1>&5
configure:1652: gcc -c -O  conftest.c 1>&5
configure: In function 'main':
configure:1647:2: error: unknown type name 'not'; did you mean 'ino_t'?
  not big endian
  ^~~
  ino_t
configure:1647:10: error: expected '=', ',', ';', 'asm' or '__attribute__' before 'endian'
  not big endian
          ^~~~~~
configure: failed program was:
#line 1641 "configure"
#include "confdefs.h"
#include <sys/types.h>
#include <sys/param.h>
int main() {

#if BYTE_ORDER != BIG_ENDIAN
 not big endian
#endif
; return 0; }
configure:1709: checking for working const
configure:1763: gcc -c -O  conftest.c 1>&5
configure:1784: checking for st_blksize in struct stat
configure:1797: gcc -c -O  conftest.c 1>&5
configure:1818: checking whether stat file-mode macros are broken
configure:1874: checking for mode_t
configure:1907: checking for off_t
configure:1940: checking for pid_t
configure:1973: checking for size_t
configure:2011: checking for dirent.h that defines DIR
configure:2024: gcc -c -O  conftest.c 1>&5
configure:2049: checking for opendir in -ldir
configure:2068: gcc -o conftest -O   conftest.c -ldir   1>&5
/usr/bin/ld: cannot find -ldir
collect2: error: ld returned 1 exit status
configure: failed program was:
#line 2057 "configure"
#include "confdefs.h"
/* Override any gcc2 internal prototype to avoid an error.  */
/* We use char because int might match the return type of a gcc2
    builtin and then its argument prototype would still apply.  */
char opendir();

int main() {
opendir()
; return 0; }
configure:2135: checking for sys/select.h
configure:2175: checking for sys/time.h
configure:2185: gcc -E  conftest.c >/dev/null 2>conftest.out
configure:2215: checking for getcwd
configure:2243: gcc -o conftest -O   conftest.c  1>&5
configure:2215: checking for getopt
configure:2243: gcc -o conftest -O   conftest.c  1>&5
configure:2215: checking for memcmp
configure:2243: gcc -o conftest -O   conftest.c  1>&5
configure:2227:6: warning: conflicting types for built-in function 'memcmp' [-Wbuiltin-declaration-mismatch]
 char $ac_func();
      ^~~~~~
configure:2215: checking for memcpy
configure:2243: gcc -o conftest -O   conftest.c  1>&5
configure:2227:6: warning: conflicting types for built-in function 'memcpy' [-Wbuiltin-declaration-mismatch]
 char $ac_func();
      ^~~~~~
configure:2215: checking for memmove
configure:2243: gcc -o conftest -O   conftest.c  1>&5
configure:2227:6: warning: conflicting types for built-in function 'memmove' [-Wbuiltin-declaration-mismatch]
 char $ac_func();
      ^~~~~~~
configure:2272: checking for raise
configure:2300: gcc -o conftest -O   conftest.c  1>&5
configure:2272: checking for snprintf
configure:2300: gcc -o conftest -O   conftest.c  1>&5
configure:2284:6: warning: conflicting types for built-in function 'snprintf' [-Wbuiltin-declaration-mismatch]
 char $ac_func();
      ^~~~~~~~
configure:2272: checking for strerror
configure:2300: gcc -o conftest -O   conftest.c  1>&5
configure:2272: checking for strsep
configure:2300: gcc -o conftest -O   conftest.c  1>&5
configure:2272: checking for vsnprintf
configure:2300: gcc -o conftest -O   conftest.c  1>&5
configure:2284:6: warning: conflicting types for built-in function 'vsnprintf' [-Wbuiltin-declaration-mismatch]
 char $ac_func();
      ^~~~~~~~~
configure:2330: checking for getuid
configure:2358: gcc -o conftest -O   conftest.c  1>&5
configure:2330: checking for pread
configure:2358: gcc -o conftest -O   conftest.c  1>&5
configure:2330: checking for pstat_getdynamic
configure:2358: gcc -o conftest -O   conftest.c  1>&5
/usr/bin/ld: /tmp/ccTBQUxa.o: in function `main':
conftest.c:(.text+0xa): undefined reference to `pstat_getdynamic'
collect2: error: ld returned 1 exit status
configure: failed program was:
#line 2335 "configure"
#include "confdefs.h"
/* System header to define __stub macros and hopefully few prototypes,
    which can conflict with char pstat_getdynamic(); below.  */
#include <assert.h>
/* Override any gcc2 internal prototype to avoid an error.  */
/* We use char because int might match the return type of a gcc2
    builtin and then its argument prototype would still apply.  */
char pstat_getdynamic();

int main() {

/* The GNU C library defines this for functions which it implements
    to always fail with ENOSYS.  Some functions are actually named
    something starting with __ and the normal name is an alias.  */
#if defined (__stub_pstat_getdynamic) || defined (__stub___pstat_getdynamic)
choke me
#else
pstat_getdynamic();
#endif

; return 0; }
configure:2330: checking for sysconf
configure:2358: gcc -o conftest -O   conftest.c  1>&5
configure:2398: checking for shmget
configure:2426: gcc -o conftest -O   conftest.c  1>&5
configure:2461: checking for mmap
configure:2461: checking for munmap
configure:2489: gcc -o conftest -O   conftest.c  1>&5
configure:2523: checking for qsort
configure:2551: gcc -o conftest -O   conftest.c  1>&5
configure:2579: checking for select
configure:2607: gcc -o conftest -O   conftest.c  1>&5
configure:2634: checking for sigfillset
configure:2646: gcc -o conftest -O   conftest.c  1>&5
configure:2667: checking for int type sprintf return value
configure:2679: gcc -o conftest -O   conftest.c  1>&5
configure:2676:1: warning: return type defaults to 'int' [-Wimplicit-int]
 main(){char buf[20]; exit(sprintf(buf, "XXX") != 3);}
 ^~~~
configure: In function 'main':
configure:2676:22: warning: implicit declaration of function 'exit' [-Wimplicit-function-declaration]
 main(){char buf[20]; exit(sprintf(buf, "XXX") != 3);}
                      ^~~~
configure:2676:22: warning: incompatible implicit declaration of built-in function 'exit'
configure:2676:22: note: include '<stdlib.h>' or provide a declaration of 'exit'
+#include <stdlib.h>
 main(){char buf[20]; exit(sprintf(buf, "XXX") != 3);}
                      ^~~~
configure:2676:27: warning: implicit declaration of function 'sprintf' [-Wimplicit-function-declaration]
 main(){char buf[20]; exit(sprintf(buf, "XXX") != 3);}
                           ^~~~~~~
configure:2676:27: warning: incompatible implicit declaration of built-in function 'sprintf'
configure:2676:27: note: include '<stdio.h>' or provide a declaration of 'sprintf'
+#include <stdio.h>
 main(){char buf[20]; exit(sprintf(buf, "XXX") != 3);}
                           ^~~~~~~
configure:2702: checking if --disable-bigfile option specified
configure:2724: checking for spinlocks
configure:2748: gcc -o conftest -O   conftest.c  1>&5
configure:2736:1: warning: return type defaults to 'int' [-Wimplicit-int]
 main(){
 ^~~~
configure: In function 'main':
configure:2743:1: warning: implicit declaration of function 'exit' [-Wimplicit-function-declaration]
 exit(1);
 ^~~~
configure:2743:1: warning: incompatible implicit declaration of built-in function 'exit'
configure:2743:1: note: include '<stdlib.h>' or provide a declaration of 'exit'
configure:2736:1:
+#include <stdlib.h>
 main(){
configure:2743:1:
 exit(1);
 ^~~~
configure: failed program was:
#line 2735 "configure"
#include "confdefs.h"
main(){
#if defined(__hppa)
#include <sys/mman.h>
typedef msemaphore tsl_t;
msemaphore x; msem_init(&x, 0); msem_lock(&x, 0); msem_unlock(&x, 0);
exit(0);
#else
exit(1);
#endif
}
configure:2771: gcc -o conftest -O   conftest.c  1>&5
configure: In function 'main':
configure:2765:22: warning: extra tokens at end of #include directive
 #include <sys/mman.h>;
                      ^
configure:2766:10: error: unknown type name 'msemaphore'
  typedef msemaphore tsl_t;
          ^~~~~~~~~~
configure:2767:1: error: unknown type name 'msemaphore'
 msemaphore x; msem_init(&x, 0); msem_lock(&x, 0); msem_unlock(&x, 0);
 ^~~~~~~~~~
configure:2767:15: warning: implicit declaration of function 'msem_init' [-Wimplicit-function-declaration]
 msemaphore x; msem_init(&x, 0); msem_lock(&x, 0); msem_unlock(&x, 0);
               ^~~~~~~~~
configure:2767:33: warning: implicit declaration of function 'msem_lock'; did you mean 'munlock'? [-Wimplicit-function-declaration]
 msemaphore x; msem_init(&x, 0); msem_lock(&x, 0); msem_unlock(&x, 0);
                                 ^~~~~~~~~
                                 munlock
configure:2767:51: warning: implicit declaration of function 'msem_unlock'; did you mean 'shm_unlink'? [-Wimplicit-function-declaration]
 msemaphore x; msem_init(&x, 0); msem_lock(&x, 0); msem_unlock(&x, 0);
                                                   ^~~~~~~~~~~
                                                   shm_unlink
configure: failed program was:
#line 2762 "configure"
#include "confdefs.h"
#include <sys/types.h>
int main() {
#include <sys/mman.h>;
 typedef msemaphore tsl_t;
msemaphore x; msem_init(&x, 0); msem_lock(&x, 0); msem_unlock(&x, 0);
; return 0; }
configure:2793: gcc -o conftest -O   conftest.c  -lmproc 1>&5
configure:2786:10: fatal error: ulocks.h: No such file or directory
 #include <ulocks.h>
          ^~~~~~~~~~
compilation terminated.
configure: failed program was:
#line 2785 "configure"
#include "confdefs.h"
#include <ulocks.h>
int main() {
typedef spinlock_t tsl_t;
 spinlock_t x; initspin(&x, 1); cspinlock(&x); spinunlock(&x);
; return 0; }
configure:2818: gcc -o conftest -O   conftest.c  1>&5
configure:2811:1: warning: return type defaults to 'int' [-Wimplicit-int]
 main(){
 ^~~~
configure: In function 'main':
configure:2815:1: warning: implicit declaration of function 'exit' [-Wimplicit-function-declaration]
 exit(1);}
 ^~~~
configure:2815:1: warning: incompatible implicit declaration of built-in function 'exit'
configure:2815:1: note: include '<stdlib.h>' or provide a declaration of 'exit'
configure:2811:1:
+#include <stdlib.h>
 main(){
configure:2815:1:
 exit(1);}
 ^~~~
configure: failed program was:
#line 2810 "configure"
#include "confdefs.h"
main(){
#if defined(__USLC__)
exit(0);
#endif
exit(1);}
configure:2840: gcc -o conftest -O   conftest.c  1>&5
configure:2833:10: fatal error: abi_mutex.h: No such file or directory
 #include <abi_mutex.h>
          ^~~~~~~~~~~~~
compilation terminated.
configure: failed program was:
#line 2832 "configure"
#include "confdefs.h"
#include <abi_mutex.h>
int main() {
typedef abilock_t tsl_t;
 abilock_t x; init_lock(&x); acquire_lock(&x); release_lock(&x);
; return 0; }
configure:2882: gcc -o conftest -O   conftest.c  1>&5
configure:2874:10: fatal error: sys/machlock.h: No such file or directory
 #include <sys/machlock.h>
          ^~~~~~~~~~~~~~~~
compilation terminated.
configure: failed program was:
#line 2873 "configure"
#include "confdefs.h"
#include <sys/machlock.h>
int main() {
typedef lock_t tsl_t;
 lock_t x;
 _lock_try(&x); _lock_clear(&x);
; return 0; }
configure:2901: gcc -o conftest -O   conftest.c  1>&5
configure:2895:10: fatal error: sys/atomic_op.h: No such file or directory
 #include <sys/atomic_op.h>
          ^~~~~~~~~~~~~~~~~
compilation terminated.
configure: failed program was:
#line 2894 "configure"
#include "confdefs.h"
#include <sys/atomic_op.h>
int main() {
int x; _check_lock(x,0,1); _clear_lock(x,0);
; return 0; }
configure:2926: gcc -o conftest -O   conftest.c  1>&5
configure:2917:1: warning: return type defaults to 'int' [-Wimplicit-int]
 main(){
 ^~~~
configure: In function 'main':
configure:2923:1: warning: implicit declaration of function 'exit' [-Wimplicit-function-declaration]
 exit(1);}
 ^~~~
configure:2923:1: warning: incompatible implicit declaration of built-in function 'exit'
configure:2923:1: note: include '<stdlib.h>' or provide a declaration of 'exit'
configure:2917:1:
+#include <stdlib.h>
 main(){
configure:2923:1:
 exit(1);}
 ^~~~
configure: failed program was:
#line 2916 "configure"
#include "confdefs.h"
main(){
#if defined(__hppa)
#if defined(__GNUC__)
exit(0);
#endif
#endif
exit(1);}
configure:2953: gcc -o conftest -O   conftest.c  1>&5
configure:2944:1: warning: return type defaults to 'int' [-Wimplicit-int]
 main(){
 ^~~~
configure: In function 'main':
configure:2950:1: warning: implicit declaration of function 'exit' [-Wimplicit-function-declaration]
 exit(1);}
 ^~~~
configure:2950:1: warning: incompatible implicit declaration of built-in function 'exit'
configure:2950:1: note: include '<stdlib.h>' or provide a declaration of 'exit'
configure:2944:1:
+#include <stdlib.h>
 main(){
configure:2950:1:
 exit(1);}
 ^~~~
configure: failed program was:
#line 2943 "configure"
#include "confdefs.h"
main(){
#if defined(__sparc__)
#if defined(__GNUC__)
exit(0);
#endif
#endif
exit(1);}
configure:2980: gcc -o conftest -O   conftest.c  1>&5
configure:2971:1: warning: return type defaults to 'int' [-Wimplicit-int]
 main(){
 ^~~~
configure: In function 'main':
configure:2977:1: warning: implicit declaration of function 'exit' [-Wimplicit-function-declaration]
 exit(1);}
 ^~~~
configure:2977:1: warning: incompatible implicit declaration of built-in function 'exit'
configure:2977:1: note: include '<stdlib.h>' or provide a declaration of 'exit'
configure:2971:1:
+#include <stdlib.h>
 main(){
configure:2977:1:
 exit(1);}
 ^~~~
configure: failed program was:
#line 2970 "configure"
#include "confdefs.h"
main(){
#if (defined(mc68020) || defined(sun3))
#if defined(__GNUC__)
exit(0);
#endif
#endif
exit(1);}
configure:3007: gcc -o conftest -O   conftest.c  1>&5
configure:2998:1: warning: return type defaults to 'int' [-Wimplicit-int]
 main(){
 ^~~~
configure: In function 'main':
configure:3004:1: warning: implicit declaration of function 'exit' [-Wimplicit-function-declaration]
 exit(1);}
 ^~~~
configure:3004:1: warning: incompatible implicit declaration of built-in function 'exit'
configure:3004:1: note: include '<stdlib.h>' or provide a declaration of 'exit'
configure:2998:1:
+#include <stdlib.h>
 main(){
configure:3004:1:
 exit(1);}
 ^~~~
configure: failed program was:
#line 2997 "configure"
#include "confdefs.h"
main(){
#if defined(i386)
#if defined(__GNUC__)
exit(0);
#endif
#endif
exit(1);}
configure:3032: gcc -o conftest -O   conftest.c  1>&5
configure:3025:1: warning: return type defaults to 'int' [-Wimplicit-int]
 main(){
 ^~~~
configure: In function 'main':
configure:3029:1: warning: implicit declaration of function 'exit' [-Wimplicit-function-declaration]
 exit(1);}
 ^~~~
configure:3029:1: warning: incompatible implicit declaration of built-in function 'exit'
configure:3029:1: note: include '<stdlib.h>' or provide a declaration of 'exit'
configure:3025:1:
+#include <stdlib.h>
 main(){
configure:3029:1:
 exit(1);}
 ^~~~
configure: failed program was:
#line 3024 "configure"
#include "confdefs.h"
main(){
#if defined(_UTS)
exit(0);
#endif
exit(1);}
configure:3177: checking for u_char
configure:3189: gcc -c -O  conftest.c 1>&5
configure:3208: checking for u_short
configure:3220: gcc -c -O  conftest.c 1>&5
configure:3239: checking for u_int
configure:3251: gcc -c -O  conftest.c 1>&5
configure:3270: checking for u_long
configure:3282: gcc -c -O  conftest.c 1>&5
configure:3301: checking for u_int8_t
configure:3313: gcc -c -O  conftest.c 1>&5
configure:3354: checking for u_int16_t
configure:3366: gcc -c -O  conftest.c 1>&5
configure:3426: checking for int16_t
configure:3438: gcc -c -O  conftest.c 1>&5
configure:3498: checking for u_int32_t
configure:3510: gcc -c -O  conftest.c 1>&5
configure:3570: checking for int32_t
configure:3582: gcc -c -O  conftest.c 1>&5
configure:3641: checking if --enable-test option specified
